<?xml version="1.0" encoding="UTF-8"?>
<!-- Generated by org.testng.reporters.JUnitXMLReporter -->
<testsuite ignored="0" hostname="DESKTOP-P4U8V0S" failures="1" tests="3" name="Error Validation login" time="28.787" errors="0" timestamp="16 Dec 2023 11:18:08 GMT">
  <testcase classname="FrameworkPractice.Test.ErrorValidation" name="loginErrorValidation" time="1.026">
    <skipped/>
  </testcase> <!-- loginErrorValidation -->
  <testcase classname="FrameworkPractice.Test.ErrorValidation" name="loginErrorValidation" time="0.804">
    <failure type="java.lang.AssertionError" message="expected [Incorrect email or password.] but found [Incorrect email or password]">
      <![CDATA[java.lang.AssertionError: expected [Incorrect email or password.] but found [Incorrect email or password]
at FrameworkPractice.Test.ErrorValidation.loginErrorValidation(ErrorValidation.java:35)
at java.base/java.util.concurrent.FutureTask.run(FutureTask.java:264)
at java.base/java.util.concurrent.ThreadPoolExecutor.runWorker(ThreadPoolExecutor.java:1136)
at java.base/java.util.concurrent.ThreadPoolExecutor$Worker.run(ThreadPoolExecutor.java:635)
at java.base/java.lang.Thread.run(Thread.java:833)
... Removed 22 stack frames]]>
    </failure>
  </testcase> <!-- loginErrorValidation -->
  <testcase classname="FrameworkPractice.Test.ErrorValidation" name="searchProductValidation" time="14.135"/>
</testsuite> <!-- Error Validation login -->
