<?xml version="1.0" encoding="UTF-8"?>
<!-- Generated by org.testng.reporters.JUnitXMLReporter -->
<testsuite ignored="0" hostname="DESKTOP-P4U8V0S" failures="0" tests="2" name="Error Validation login" time="30.87" errors="0" timestamp="25 Mar 2024 07:08:11 GMT">
  <testcase classname="FrameworkPractice.Test.ErrorValidation" name="loginErrorValidation" time="1.436"/>
  <testcase classname="FrameworkPractice.Test.ErrorValidation" name="searchProductValidation" time="14.775"/>
</testsuite> <!-- Error Validation login -->
