<?xml version="1.0" encoding="UTF-8"?>
<!-- Generated by org.testng.reporters.JUnitXMLReporter -->
<testsuite ignored="0" hostname="DESKTOP-P4U8V0S" failures="0" tests="3" name="Submit order " time="61.28" errors="0" timestamp="25 Mar 2024 07:08:42 GMT">
  <testcase classname="FrameworkPractice.Test.SubmitOrderTest" name="submitOrder" time="20.957"/>
  <testcase classname="FrameworkPractice.Test.SubmitOrderTest" name="submitOrder" time="20.858"/>
  <testcase classname="FrameworkPractice.Test.SubmitOrderTest" name="orderProductDisplayed" time="0.939"/>
</testsuite> <!-- Submit order  -->
